[06-Jun-2023 18:46:24 Europe/Berlin] ==================================================
[06-Jun-2023 18:46:24 Europe/Berlin] Inicio de aplicacion
[06-Jun-2023 18:46:24 Europe/Berlin] APP::CONSTRUCT->No hay un controlador especificado
[06-Jun-2023 18:46:24 Europe/Berlin] POSTMODEL::CONSTRUCT -> incio de PostModel
[06-Jun-2023 18:46:33 Europe/Berlin] ==================================================
[06-Jun-2023 18:46:33 Europe/Berlin] Inicio de aplicacion
[06-Jun-2023 18:46:33 Europe/Berlin] SESSIONCONTROLLER::validateSession()
[06-Jun-2023 18:46:33 Europe/Berlin] SESSIONCONTROLLER::getUserSessionData-> cueva
[06-Jun-2023 18:46:33 Europe/Berlin] sessionController::validateSession(): username:cueva - role: admin
[06-Jun-2023 18:46:33 Europe/Berlin] SESSIONCONTROLLER::getCurrentPage: actualLink -> /Logout, url => Logout
[06-Jun-2023 18:46:33 Europe/Berlin] SESSIONCONTROLLER::getCurrentPage: actualLink -> /Logout, url => Logout
[06-Jun-2023 18:46:33 Europe/Berlin] SessionController::validateSession() => no autorizado, redirige al main de cada rol
[06-Jun-2023 18:46:33 Europe/Berlin] SessionController::redirectDefaultSiteByRole->url = /Admin
[06-Jun-2023 18:46:33 Europe/Berlin] USERCONTROLLER::CONSTRUCT -> Inicio de logout
[06-Jun-2023 18:46:33 Europe/Berlin] ==================================================
[06-Jun-2023 18:46:33 Europe/Berlin] Inicio de aplicacion
[06-Jun-2023 18:46:33 Europe/Berlin] APP::CONSTRUCT->No hay un controlador especificado
[06-Jun-2023 18:46:33 Europe/Berlin] POSTMODEL::CONSTRUCT -> incio de PostModel
[06-Jun-2023 18:46:33 Europe/Berlin] PHP Warning:  Undefined array key "user" in C:\laragon\www\NeoGamingV2\classes\session.php on line 20
[06-Jun-2023 18:46:33 Europe/Berlin] PHP Warning:  Trying to access array offset on value of type bool in C:\laragon\www\NeoGamingV2\Model\User.php on line 165
[06-Jun-2023 18:46:33 Europe/Berlin] PHP Warning:  Trying to access array offset on value of type bool in C:\laragon\www\NeoGamingV2\Model\User.php on line 166
[06-Jun-2023 18:46:33 Europe/Berlin] PHP Warning:  Trying to access array offset on value of type bool in C:\laragon\www\NeoGamingV2\Model\User.php on line 167
[06-Jun-2023 18:46:33 Europe/Berlin] PHP Deprecated:  password_hash(): Passing null to parameter #1 ($password) of type string is deprecated in C:\laragon\www\NeoGamingV2\Model\User.php on line 48
[06-Jun-2023 18:46:33 Europe/Berlin] PHP Warning:  Trying to access array offset on value of type bool in C:\laragon\www\NeoGamingV2\Model\User.php on line 168
[06-Jun-2023 18:46:33 Europe/Berlin] PHP Warning:  Trying to access array offset on value of type bool in C:\laragon\www\NeoGamingV2\Model\User.php on line 169
[06-Jun-2023 18:46:33 Europe/Berlin] PHP Warning:  Trying to access array offset on value of type bool in C:\laragon\www\NeoGamingV2\Model\User.php on line 170
[06-Jun-2023 18:46:33 Europe/Berlin] PHP Warning:  Trying to access array offset on value of type bool in C:\laragon\www\NeoGamingV2\Model\User.php on line 171
[06-Jun-2023 18:46:33 Europe/Berlin] PHP Warning:  Trying to access array offset on value of type bool in C:\laragon\www\NeoGamingV2\Model\User.php on line 172
[06-Jun-2023 18:46:53 Europe/Berlin] ==================================================
[06-Jun-2023 18:46:53 Europe/Berlin] Inicio de aplicacion
[06-Jun-2023 18:46:53 Europe/Berlin] SESSIONCONTROLLER::validateSession()
[06-Jun-2023 18:46:53 Europe/Berlin] SESSIONCONTROLLER::getCurrentPage: actualLink -> /Login, url => Login
[06-Jun-2023 18:46:53 Europe/Berlin] LOGIN::CONSTRUCT -> INICIO DE LOGIN
[06-Jun-2023 18:46:53 Europe/Berlin] LOGIN::render -> Carga el index de login
[06-Jun-2023 18:46:58 Europe/Berlin] ==================================================
[06-Jun-2023 18:46:58 Europe/Berlin] Inicio de aplicacion
[06-Jun-2023 18:46:58 Europe/Berlin] SESSIONCONTROLLER::validateSession()
[06-Jun-2023 18:46:58 Europe/Berlin] SESSIONCONTROLLER::getCurrentPage: actualLink -> /Login/authenticate, url => Login
[06-Jun-2023 18:46:58 Europe/Berlin] LOGIN::CONSTRUCT -> INICIO DE LOGIN
[06-Jun-2023 18:46:58 Europe/Berlin] ExistPOST: Existen parámetros
[06-Jun-2023 18:46:58 Europe/Berlin] cuevasdsd aqui la contra
[06-Jun-2023 18:46:58 Europe/Berlin] Inicio de login   cueva
[06-Jun-2023 18:46:58 Europe/Berlin] LOGINMODEL::LOGIN()->SUCCESS = 
[06-Jun-2023 18:46:58 Europe/Berlin] ==================================================
[06-Jun-2023 18:46:58 Europe/Berlin] Inicio de aplicacion
[06-Jun-2023 18:46:58 Europe/Berlin] APP::CONSTRUCT->No hay un controlador especificado
[06-Jun-2023 18:46:58 Europe/Berlin] POSTMODEL::CONSTRUCT -> incio de PostModel
[06-Jun-2023 18:48:59 Europe/Berlin] ==================================================
[06-Jun-2023 18:48:59 Europe/Berlin] Inicio de aplicacion
[06-Jun-2023 18:48:59 Europe/Berlin] SESSIONCONTROLLER::validateSession()
[06-Jun-2023 18:48:59 Europe/Berlin] SESSIONCONTROLLER::getUserSessionData-> cueva
[06-Jun-2023 18:48:59 Europe/Berlin] sessionController::validateSession(): username:cueva - role: admin
[06-Jun-2023 18:48:59 Europe/Berlin] SESSIONCONTROLLER::getCurrentPage: actualLink -> /Logout, url => Logout
[06-Jun-2023 18:48:59 Europe/Berlin] SESSIONCONTROLLER::getCurrentPage: actualLink -> /Logout, url => Logout
[06-Jun-2023 18:48:59 Europe/Berlin] SessionController::validateSession() => no autorizado, redirige al main de cada rol
[06-Jun-2023 18:48:59 Europe/Berlin] SessionController::redirectDefaultSiteByRole->url = /Admin
[06-Jun-2023 18:48:59 Europe/Berlin] USERCONTROLLER::CONSTRUCT -> Inicio de logout
[06-Jun-2023 18:48:59 Europe/Berlin] ==================================================
[06-Jun-2023 18:48:59 Europe/Berlin] Inicio de aplicacion
[06-Jun-2023 18:48:59 Europe/Berlin] APP::CONSTRUCT->No hay un controlador especificado
[06-Jun-2023 18:48:59 Europe/Berlin] POSTMODEL::CONSTRUCT -> incio de PostModel
[06-Jun-2023 18:48:59 Europe/Berlin] PHP Warning:  Undefined array key "user" in C:\laragon\www\NeoGamingV2\classes\session.php on line 20
[06-Jun-2023 18:48:59 Europe/Berlin] PHP Warning:  Trying to access array offset on value of type bool in C:\laragon\www\NeoGamingV2\Model\User.php on line 165
[06-Jun-2023 18:48:59 Europe/Berlin] PHP Warning:  Trying to access array offset on value of type bool in C:\laragon\www\NeoGamingV2\Model\User.php on line 166
[06-Jun-2023 18:48:59 Europe/Berlin] PHP Warning:  Trying to access array offset on value of type bool in C:\laragon\www\NeoGamingV2\Model\User.php on line 167
[06-Jun-2023 18:48:59 Europe/Berlin] PHP Deprecated:  password_hash(): Passing null to parameter #1 ($password) of type string is deprecated in C:\laragon\www\NeoGamingV2\Model\User.php on line 48
[06-Jun-2023 18:48:59 Europe/Berlin] PHP Warning:  Trying to access array offset on value of type bool in C:\laragon\www\NeoGamingV2\Model\User.php on line 168
[06-Jun-2023 18:48:59 Europe/Berlin] PHP Warning:  Trying to access array offset on value of type bool in C:\laragon\www\NeoGamingV2\Model\User.php on line 169
[06-Jun-2023 18:48:59 Europe/Berlin] PHP Warning:  Trying to access array offset on value of type bool in C:\laragon\www\NeoGamingV2\Model\User.php on line 170
[06-Jun-2023 18:48:59 Europe/Berlin] PHP Warning:  Trying to access array offset on value of type bool in C:\laragon\www\NeoGamingV2\Model\User.php on line 171
[06-Jun-2023 18:48:59 Europe/Berlin] PHP Warning:  Trying to access array offset on value of type bool in C:\laragon\www\NeoGamingV2\Model\User.php on line 172
[06-Jun-2023 18:48:59 Europe/Berlin] ==================================================
[06-Jun-2023 18:48:59 Europe/Berlin] Inicio de aplicacion
[06-Jun-2023 18:48:59 Europe/Berlin] SESSIONCONTROLLER::validateSession()
[06-Jun-2023 18:48:59 Europe/Berlin] SESSIONCONTROLLER::getCurrentPage: actualLink -> /Login, url => Login
[06-Jun-2023 18:48:59 Europe/Berlin] LOGIN::CONSTRUCT -> INICIO DE LOGIN
[06-Jun-2023 18:48:59 Europe/Berlin] LOGIN::render -> Carga el index de login
[06-Jun-2023 18:49:01 Europe/Berlin] ==================================================
[06-Jun-2023 18:49:01 Europe/Berlin] Inicio de aplicacion
[06-Jun-2023 18:49:01 Europe/Berlin] SESSIONCONTROLLER::validateSession()
[06-Jun-2023 18:49:01 Europe/Berlin] SESSIONCONTROLLER::getCurrentPage: actualLink -> /Login/authenticate, url => Login
[06-Jun-2023 18:49:01 Europe/Berlin] LOGIN::CONSTRUCT -> INICIO DE LOGIN
[06-Jun-2023 18:49:01 Europe/Berlin] ExistPOST: Existen parámetros
[06-Jun-2023 18:49:01 Europe/Berlin] cue aqui la contra
[06-Jun-2023 18:49:01 Europe/Berlin] Inicio de login   cueva
[06-Jun-2023 18:49:01 Europe/Berlin] LOGINMODEL::LOGIN()->SUCCESS = 
[06-Jun-2023 18:49:01 Europe/Berlin] ==================================================
[06-Jun-2023 18:49:01 Europe/Berlin] Inicio de aplicacion
[06-Jun-2023 18:49:01 Europe/Berlin] APP::CONSTRUCT->No hay un controlador especificado
[06-Jun-2023 18:49:01 Europe/Berlin] POSTMODEL::CONSTRUCT -> incio de PostModel
[06-Jun-2023 18:49:03 Europe/Berlin] ==================================================
[06-Jun-2023 18:49:03 Europe/Berlin] Inicio de aplicacion
[06-Jun-2023 18:49:03 Europe/Berlin] SESSIONCONTROLLER::validateSession()
[06-Jun-2023 18:49:03 Europe/Berlin] SESSIONCONTROLLER::getUserSessionData-> cueva
[06-Jun-2023 18:49:03 Europe/Berlin] sessionController::validateSession(): username:cueva - role: admin
[06-Jun-2023 18:49:03 Europe/Berlin] SESSIONCONTROLLER::getCurrentPage: actualLink -> /Logout, url => Logout
[06-Jun-2023 18:49:03 Europe/Berlin] SESSIONCONTROLLER::getCurrentPage: actualLink -> /Logout, url => Logout
[06-Jun-2023 18:49:03 Europe/Berlin] SessionController::validateSession() => no autorizado, redirige al main de cada rol
[06-Jun-2023 18:49:03 Europe/Berlin] SessionController::redirectDefaultSiteByRole->url = /Admin
[06-Jun-2023 18:49:03 Europe/Berlin] USERCONTROLLER::CONSTRUCT -> Inicio de logout
[06-Jun-2023 18:49:03 Europe/Berlin] ==================================================
[06-Jun-2023 18:49:03 Europe/Berlin] Inicio de aplicacion
[06-Jun-2023 18:49:03 Europe/Berlin] APP::CONSTRUCT->No hay un controlador especificado
[06-Jun-2023 18:49:03 Europe/Berlin] POSTMODEL::CONSTRUCT -> incio de PostModel
[06-Jun-2023 18:49:03 Europe/Berlin] PHP Warning:  Undefined array key "user" in C:\laragon\www\NeoGamingV2\classes\session.php on line 20
[06-Jun-2023 18:49:03 Europe/Berlin] PHP Warning:  Trying to access array offset on value of type bool in C:\laragon\www\NeoGamingV2\Model\User.php on line 165
[06-Jun-2023 18:49:03 Europe/Berlin] PHP Warning:  Trying to access array offset on value of type bool in C:\laragon\www\NeoGamingV2\Model\User.php on line 166
[06-Jun-2023 18:49:03 Europe/Berlin] PHP Warning:  Trying to access array offset on value of type bool in C:\laragon\www\NeoGamingV2\Model\User.php on line 167
[06-Jun-2023 18:49:03 Europe/Berlin] PHP Deprecated:  password_hash(): Passing null to parameter #1 ($password) of type string is deprecated in C:\laragon\www\NeoGamingV2\Model\User.php on line 48
[06-Jun-2023 18:49:03 Europe/Berlin] PHP Warning:  Trying to access array offset on value of type bool in C:\laragon\www\NeoGamingV2\Model\User.php on line 168
[06-Jun-2023 18:49:03 Europe/Berlin] PHP Warning:  Trying to access array offset on value of type bool in C:\laragon\www\NeoGamingV2\Model\User.php on line 169
[06-Jun-2023 18:49:03 Europe/Berlin] PHP Warning:  Trying to access array offset on value of type bool in C:\laragon\www\NeoGamingV2\Model\User.php on line 170
[06-Jun-2023 18:49:03 Europe/Berlin] PHP Warning:  Trying to access array offset on value of type bool in C:\laragon\www\NeoGamingV2\Model\User.php on line 171
[06-Jun-2023 18:49:03 Europe/Berlin] PHP Warning:  Trying to access array offset on value of type bool in C:\laragon\www\NeoGamingV2\Model\User.php on line 172
[06-Jun-2023 18:49:51 Europe/Berlin] ==================================================
[06-Jun-2023 18:49:51 Europe/Berlin] Inicio de aplicacion
[06-Jun-2023 18:49:51 Europe/Berlin] SESSIONCONTROLLER::validateSession()
[06-Jun-2023 18:49:51 Europe/Berlin] SESSIONCONTROLLER::getCurrentPage: actualLink -> /Login, url => Login
[06-Jun-2023 18:49:51 Europe/Berlin] LOGIN::CONSTRUCT -> INICIO DE LOGIN
[06-Jun-2023 18:49:51 Europe/Berlin] LOGIN::render -> Carga el index de login
[06-Jun-2023 18:49:54 Europe/Berlin] ==================================================
[06-Jun-2023 18:49:54 Europe/Berlin] Inicio de aplicacion
[06-Jun-2023 18:49:54 Europe/Berlin] SESSIONCONTROLLER::validateSession()
[06-Jun-2023 18:49:54 Europe/Berlin] SESSIONCONTROLLER::getCurrentPage: actualLink -> /Login/authenticate, url => Login
[06-Jun-2023 18:49:54 Europe/Berlin] LOGIN::CONSTRUCT -> INICIO DE LOGIN
[06-Jun-2023 18:49:54 Europe/Berlin] ExistPOST: Existen parámetros
[06-Jun-2023 18:49:54 Europe/Berlin] ilegalsdsd aqui la contra
[06-Jun-2023 18:49:54 Europe/Berlin] Inicio de login   ilegal
[06-Jun-2023 18:49:54 Europe/Berlin] LOGINMODEL::LOGIN()->SUCCESS = 
[06-Jun-2023 18:49:54 Europe/Berlin] ==================================================
[06-Jun-2023 18:49:54 Europe/Berlin] Inicio de aplicacion
[06-Jun-2023 18:49:54 Europe/Berlin] POSTMODEL::CONSTRUCT -> incio de PostModel
[06-Jun-2023 18:49:57 Europe/Berlin] ==================================================
[06-Jun-2023 18:49:57 Europe/Berlin] Inicio de aplicacion
[06-Jun-2023 18:49:57 Europe/Berlin] SESSIONCONTROLLER::validateSession()
[06-Jun-2023 18:49:57 Europe/Berlin] SESSIONCONTROLLER::getUserSessionData-> ilegal
[06-Jun-2023 18:49:57 Europe/Berlin] sessionController::validateSession(): username:ilegal - role: user
[06-Jun-2023 18:49:57 Europe/Berlin] SESSIONCONTROLLER::getCurrentPage: actualLink -> /Logout, url => Logout
[06-Jun-2023 18:49:57 Europe/Berlin] SESSIONCONTROLLER::getCurrentPage: actualLink -> /Logout, url => Logout
[06-Jun-2023 18:49:57 Europe/Berlin] SessionController::validateSession() => no autorizado, redirige al main de cada rol
[06-Jun-2023 18:49:57 Europe/Berlin] SessionController::redirectDefaultSiteByRole->url = /User
[06-Jun-2023 18:49:57 Europe/Berlin] USERCONTROLLER::CONSTRUCT -> Inicio de logout
[06-Jun-2023 18:49:57 Europe/Berlin] ==================================================
[06-Jun-2023 18:49:57 Europe/Berlin] Inicio de aplicacion
[06-Jun-2023 18:49:57 Europe/Berlin] APP::CONSTRUCT->No hay un controlador especificado
[06-Jun-2023 18:49:57 Europe/Berlin] POSTMODEL::CONSTRUCT -> incio de PostModel
[06-Jun-2023 18:49:57 Europe/Berlin] PHP Warning:  Undefined array key "user" in C:\laragon\www\NeoGamingV2\classes\session.php on line 20
[06-Jun-2023 18:49:57 Europe/Berlin] PHP Warning:  Trying to access array offset on value of type bool in C:\laragon\www\NeoGamingV2\Model\User.php on line 165
[06-Jun-2023 18:49:57 Europe/Berlin] PHP Warning:  Trying to access array offset on value of type bool in C:\laragon\www\NeoGamingV2\Model\User.php on line 166
[06-Jun-2023 18:49:57 Europe/Berlin] PHP Warning:  Trying to access array offset on value of type bool in C:\laragon\www\NeoGamingV2\Model\User.php on line 167
[06-Jun-2023 18:49:57 Europe/Berlin] PHP Deprecated:  password_hash(): Passing null to parameter #1 ($password) of type string is deprecated in C:\laragon\www\NeoGamingV2\Model\User.php on line 48
[06-Jun-2023 18:49:57 Europe/Berlin] PHP Warning:  Trying to access array offset on value of type bool in C:\laragon\www\NeoGamingV2\Model\User.php on line 168
[06-Jun-2023 18:49:57 Europe/Berlin] PHP Warning:  Trying to access array offset on value of type bool in C:\laragon\www\NeoGamingV2\Model\User.php on line 169
[06-Jun-2023 18:49:57 Europe/Berlin] PHP Warning:  Trying to access array offset on value of type bool in C:\laragon\www\NeoGamingV2\Model\User.php on line 170
[06-Jun-2023 18:49:57 Europe/Berlin] PHP Warning:  Trying to access array offset on value of type bool in C:\laragon\www\NeoGamingV2\Model\User.php on line 171
[06-Jun-2023 18:49:57 Europe/Berlin] PHP Warning:  Trying to access array offset on value of type bool in C:\laragon\www\NeoGamingV2\Model\User.php on line 172
[06-Jun-2023 18:51:17 Europe/Berlin] ==================================================
[06-Jun-2023 18:51:17 Europe/Berlin] Inicio de aplicacion
[06-Jun-2023 18:51:17 Europe/Berlin] SESSIONCONTROLLER::validateSession()
[06-Jun-2023 18:51:17 Europe/Berlin] SESSIONCONTROLLER::getCurrentPage: actualLink -> /Login, url => Login
[06-Jun-2023 18:51:17 Europe/Berlin] LOGIN::CONSTRUCT -> INICIO DE LOGIN
[06-Jun-2023 18:51:17 Europe/Berlin] LOGIN::render -> Carga el index de login
[06-Jun-2023 18:51:18 Europe/Berlin] ==================================================
[06-Jun-2023 18:51:18 Europe/Berlin] Inicio de aplicacion
[06-Jun-2023 18:51:18 Europe/Berlin] SESSIONCONTROLLER::validateSession()
[06-Jun-2023 18:51:18 Europe/Berlin] SESSIONCONTROLLER::getCurrentPage: actualLink -> /Login/authenticate, url => Login
[06-Jun-2023 18:51:18 Europe/Berlin] LOGIN::CONSTRUCT -> INICIO DE LOGIN
[06-Jun-2023 18:51:18 Europe/Berlin] ExistPOST: Existen parámetros
[06-Jun-2023 18:51:18 Europe/Berlin] cuevaasdasd aqui la contra
[06-Jun-2023 18:51:18 Europe/Berlin] Inicio de login  cuevaasdasd cueva
[06-Jun-2023 18:51:19 Europe/Berlin] LOGINMODEL::LOGIN()->password no es igual
[06-Jun-2023 18:51:19 Europe/Berlin] ==================================================
[06-Jun-2023 18:51:19 Europe/Berlin] Inicio de aplicacion
[06-Jun-2023 18:51:19 Europe/Berlin] SESSIONCONTROLLER::validateSession()
[06-Jun-2023 18:51:19 Europe/Berlin] SESSIONCONTROLLER::getCurrentPage: actualLink -> /Login?error=a23232sdfsdfhgccccs4443d93434cxxcxcvvbc4, url => Login?error=a23232sdfsdfhgccccs4443d93434cxxcxcvvbc4
[06-Jun-2023 18:51:19 Europe/Berlin] LOGIN::CONSTRUCT -> INICIO DE LOGIN
[06-Jun-2023 18:51:19 Europe/Berlin] LOGIN::render -> Carga el index de login
[06-Jun-2023 18:51:23 Europe/Berlin] ==================================================
[06-Jun-2023 18:51:23 Europe/Berlin] Inicio de aplicacion
[06-Jun-2023 18:51:23 Europe/Berlin] SESSIONCONTROLLER::validateSession()
[06-Jun-2023 18:51:23 Europe/Berlin] SESSIONCONTROLLER::getCurrentPage: actualLink -> /Login/authenticate, url => Login
[06-Jun-2023 18:51:23 Europe/Berlin] LOGIN::CONSTRUCT -> INICIO DE LOGIN
[06-Jun-2023 18:51:23 Europe/Berlin] ExistPOST: Existen parámetros
[06-Jun-2023 18:51:23 Europe/Berlin] cuevaasdasd aqui la contra
[06-Jun-2023 18:51:23 Europe/Berlin] Inicio de login  cuevaasdasd cueva
[06-Jun-2023 18:51:23 Europe/Berlin] LOGINMODEL::LOGIN()->password no es igual
[06-Jun-2023 18:51:23 Europe/Berlin] ==================================================
[06-Jun-2023 18:51:23 Europe/Berlin] Inicio de aplicacion
[06-Jun-2023 18:51:23 Europe/Berlin] SESSIONCONTROLLER::validateSession()
[06-Jun-2023 18:51:23 Europe/Berlin] SESSIONCONTROLLER::getCurrentPage: actualLink -> /Login?error=a23232sdfsdfhgccccs4443d93434cxxcxcvvbc4, url => Login?error=a23232sdfsdfhgccccs4443d93434cxxcxcvvbc4
[06-Jun-2023 18:51:23 Europe/Berlin] LOGIN::CONSTRUCT -> INICIO DE LOGIN
[06-Jun-2023 18:51:23 Europe/Berlin] LOGIN::render -> Carga el index de login
[06-Jun-2023 18:51:24 Europe/Berlin] ==================================================
[06-Jun-2023 18:51:24 Europe/Berlin] Inicio de aplicacion
[06-Jun-2023 18:51:24 Europe/Berlin] SESSIONCONTROLLER::validateSession()
[06-Jun-2023 18:51:24 Europe/Berlin] SESSIONCONTROLLER::getCurrentPage: actualLink -> /Login/authenticate, url => Login
[06-Jun-2023 18:51:24 Europe/Berlin] LOGIN::CONSTRUCT -> INICIO DE LOGIN
[06-Jun-2023 18:51:24 Europe/Berlin] ExistPOST: Existen parámetros
[06-Jun-2023 18:51:24 Europe/Berlin] cuevaasdasd aqui la contra
[06-Jun-2023 18:51:24 Europe/Berlin] Inicio de login  cuevaasdasd cueva
[06-Jun-2023 18:51:25 Europe/Berlin] LOGINMODEL::LOGIN()->password no es igual
[06-Jun-2023 18:51:25 Europe/Berlin] ==================================================
[06-Jun-2023 18:51:25 Europe/Berlin] Inicio de aplicacion
[06-Jun-2023 18:51:25 Europe/Berlin] SESSIONCONTROLLER::validateSession()
[06-Jun-2023 18:51:25 Europe/Berlin] SESSIONCONTROLLER::getCurrentPage: actualLink -> /Login?error=a23232sdfsdfhgccccs4443d93434cxxcxcvvbc4, url => Login?error=a23232sdfsdfhgccccs4443d93434cxxcxcvvbc4
[06-Jun-2023 18:51:25 Europe/Berlin] LOGIN::CONSTRUCT -> INICIO DE LOGIN
[06-Jun-2023 18:51:25 Europe/Berlin] LOGIN::render -> Carga el index de login
[06-Jun-2023 18:51:52 Europe/Berlin] ==================================================
[06-Jun-2023 18:51:52 Europe/Berlin] Inicio de aplicacion
[06-Jun-2023 18:51:52 Europe/Berlin] SESSIONCONTROLLER::validateSession()
[06-Jun-2023 18:51:52 Europe/Berlin] SESSIONCONTROLLER::getCurrentPage: actualLink -> /Login?error=a23232sdfsdfhgccccs4443d93434cxxcxcvvbc4, url => Login?error=a23232sdfsdfhgccccs4443d93434cxxcxcvvbc4
[06-Jun-2023 18:51:52 Europe/Berlin] LOGIN::CONSTRUCT -> INICIO DE LOGIN
[06-Jun-2023 18:51:52 Europe/Berlin] LOGIN::render -> Carga el index de login
[06-Jun-2023 18:51:54 Europe/Berlin] ==================================================
[06-Jun-2023 18:51:54 Europe/Berlin] Inicio de aplicacion
[06-Jun-2023 18:51:54 Europe/Berlin] SESSIONCONTROLLER::validateSession()
[06-Jun-2023 18:51:54 Europe/Berlin] SESSIONCONTROLLER::getCurrentPage: actualLink -> /Login/authenticate, url => Login
[06-Jun-2023 18:51:54 Europe/Berlin] LOGIN::CONSTRUCT -> INICIO DE LOGIN
[06-Jun-2023 18:51:54 Europe/Berlin] ExistPOST: Existen parámetros
[06-Jun-2023 18:51:54 Europe/Berlin] cuevasad aqui la contra
[06-Jun-2023 18:51:54 Europe/Berlin] Inicio de login   cueva
[06-Jun-2023 18:51:54 Europe/Berlin] LOGINMODEL::LOGIN()->SUCCESS = 
[06-Jun-2023 18:51:54 Europe/Berlin] ==================================================
[06-Jun-2023 18:51:54 Europe/Berlin] Inicio de aplicacion
[06-Jun-2023 18:51:54 Europe/Berlin] APP::CONSTRUCT->No hay un controlador especificado
[06-Jun-2023 18:51:54 Europe/Berlin] POSTMODEL::CONSTRUCT -> incio de PostModel
[06-Jun-2023 18:52:07 Europe/Berlin] ==================================================
[06-Jun-2023 18:52:07 Europe/Berlin] Inicio de aplicacion
[06-Jun-2023 18:52:07 Europe/Berlin] SESSIONCONTROLLER::validateSession()
[06-Jun-2023 18:52:07 Europe/Berlin] SESSIONCONTROLLER::getUserSessionData-> cueva
[06-Jun-2023 18:52:07 Europe/Berlin] sessionController::validateSession(): username:cueva - role: admin
[06-Jun-2023 18:52:07 Europe/Berlin] SESSIONCONTROLLER::getCurrentPage: actualLink -> /Logout, url => Logout
[06-Jun-2023 18:52:07 Europe/Berlin] SESSIONCONTROLLER::getCurrentPage: actualLink -> /Logout, url => Logout
[06-Jun-2023 18:52:07 Europe/Berlin] SessionController::validateSession() => no autorizado, redirige al main de cada rol
[06-Jun-2023 18:52:07 Europe/Berlin] SessionController::redirectDefaultSiteByRole->url = /Admin
[06-Jun-2023 18:52:07 Europe/Berlin] USERCONTROLLER::CONSTRUCT -> Inicio de logout
[06-Jun-2023 18:52:07 Europe/Berlin] ==================================================
[06-Jun-2023 18:52:07 Europe/Berlin] Inicio de aplicacion
[06-Jun-2023 18:52:07 Europe/Berlin] APP::CONSTRUCT->No hay un controlador especificado
[06-Jun-2023 18:52:07 Europe/Berlin] POSTMODEL::CONSTRUCT -> incio de PostModel
[06-Jun-2023 18:52:07 Europe/Berlin] PHP Warning:  Undefined array key "user" in C:\laragon\www\NeoGamingV2\classes\session.php on line 20
[06-Jun-2023 18:52:07 Europe/Berlin] PHP Warning:  Trying to access array offset on value of type bool in C:\laragon\www\NeoGamingV2\Model\User.php on line 165
[06-Jun-2023 18:52:07 Europe/Berlin] PHP Warning:  Trying to access array offset on value of type bool in C:\laragon\www\NeoGamingV2\Model\User.php on line 166
[06-Jun-2023 18:52:07 Europe/Berlin] PHP Warning:  Trying to access array offset on value of type bool in C:\laragon\www\NeoGamingV2\Model\User.php on line 167
[06-Jun-2023 18:52:07 Europe/Berlin] PHP Deprecated:  password_hash(): Passing null to parameter #1 ($password) of type string is deprecated in C:\laragon\www\NeoGamingV2\Model\User.php on line 48
[06-Jun-2023 18:52:07 Europe/Berlin] PHP Warning:  Trying to access array offset on value of type bool in C:\laragon\www\NeoGamingV2\Model\User.php on line 168
[06-Jun-2023 18:52:07 Europe/Berlin] PHP Warning:  Trying to access array offset on value of type bool in C:\laragon\www\NeoGamingV2\Model\User.php on line 169
[06-Jun-2023 18:52:07 Europe/Berlin] PHP Warning:  Trying to access array offset on value of type bool in C:\laragon\www\NeoGamingV2\Model\User.php on line 170
[06-Jun-2023 18:52:07 Europe/Berlin] PHP Warning:  Trying to access array offset on value of type bool in C:\laragon\www\NeoGamingV2\Model\User.php on line 171
[06-Jun-2023 18:52:07 Europe/Berlin] PHP Warning:  Trying to access array offset on value of type bool in C:\laragon\www\NeoGamingV2\Model\User.php on line 172
[06-Jun-2023 18:52:09 Europe/Berlin] ==================================================
[06-Jun-2023 18:52:09 Europe/Berlin] Inicio de aplicacion
[06-Jun-2023 18:52:09 Europe/Berlin] SESSIONCONTROLLER::validateSession()
[06-Jun-2023 18:52:09 Europe/Berlin] SESSIONCONTROLLER::getCurrentPage: actualLink -> /Login, url => Login
[06-Jun-2023 18:52:09 Europe/Berlin] LOGIN::CONSTRUCT -> INICIO DE LOGIN
[06-Jun-2023 18:52:09 Europe/Berlin] LOGIN::render -> Carga el index de login
[06-Jun-2023 18:52:10 Europe/Berlin] ==================================================
[06-Jun-2023 18:52:10 Europe/Berlin] Inicio de aplicacion
[06-Jun-2023 18:52:10 Europe/Berlin] SESSIONCONTROLLER::validateSession()
[06-Jun-2023 18:52:10 Europe/Berlin] SESSIONCONTROLLER::getCurrentPage: actualLink -> /Login/authenticate, url => Login
[06-Jun-2023 18:52:10 Europe/Berlin] LOGIN::CONSTRUCT -> INICIO DE LOGIN
[06-Jun-2023 18:52:10 Europe/Berlin] ExistPOST: Existen parámetros
[06-Jun-2023 18:52:10 Europe/Berlin] cuevaasdasd aqui la contra
[06-Jun-2023 18:52:10 Europe/Berlin] Inicio de login  cuevaasdasd cueva
[06-Jun-2023 18:52:10 Europe/Berlin] LOGINMODEL::LOGIN()->password no es igual
[06-Jun-2023 18:52:10 Europe/Berlin] ==================================================
[06-Jun-2023 18:52:10 Europe/Berlin] Inicio de aplicacion
[06-Jun-2023 18:52:10 Europe/Berlin] SESSIONCONTROLLER::validateSession()
[06-Jun-2023 18:52:10 Europe/Berlin] SESSIONCONTROLLER::getCurrentPage: actualLink -> /Login?error=a23232sdfsdfhgccccs4443d93434cxxcxcvvbc4, url => Login?error=a23232sdfsdfhgccccs4443d93434cxxcxcvvbc4
[06-Jun-2023 18:52:10 Europe/Berlin] LOGIN::CONSTRUCT -> INICIO DE LOGIN
[06-Jun-2023 18:52:10 Europe/Berlin] LOGIN::render -> Carga el index de login
[06-Jun-2023 18:52:14 Europe/Berlin] ==================================================
[06-Jun-2023 18:52:14 Europe/Berlin] Inicio de aplicacion
[06-Jun-2023 18:52:14 Europe/Berlin] SESSIONCONTROLLER::validateSession()
[06-Jun-2023 18:52:14 Europe/Berlin] SESSIONCONTROLLER::getCurrentPage: actualLink -> /Login/authenticate, url => Login
[06-Jun-2023 18:52:14 Europe/Berlin] LOGIN::CONSTRUCT -> INICIO DE LOGIN
[06-Jun-2023 18:52:14 Europe/Berlin] ExistPOST: Existen parámetros
[06-Jun-2023 18:52:14 Europe/Berlin]  aqui la contra
[06-Jun-2023 18:52:14 Europe/Berlin] Inicio de login   
[06-Jun-2023 18:52:14 Europe/Berlin] ==================================================
[06-Jun-2023 18:52:14 Europe/Berlin] Inicio de aplicacion
[06-Jun-2023 18:52:14 Europe/Berlin] SESSIONCONTROLLER::validateSession()
[06-Jun-2023 18:52:14 Europe/Berlin] SESSIONCONTROLLER::getCurrentPage: actualLink -> /Login?error=a23232sdfsdfhgccccs4443d93434cxxcxcvvbc4, url => Login?error=a23232sdfsdfhgccccs4443d93434cxxcxcvvbc4
[06-Jun-2023 18:52:14 Europe/Berlin] LOGIN::CONSTRUCT -> INICIO DE LOGIN
[06-Jun-2023 18:52:14 Europe/Berlin] LOGIN::render -> Carga el index de login
[06-Jun-2023 18:52:20 Europe/Berlin] ==================================================
[06-Jun-2023 18:52:20 Europe/Berlin] Inicio de aplicacion
[06-Jun-2023 18:52:20 Europe/Berlin] SESSIONCONTROLLER::validateSession()
[06-Jun-2023 18:52:20 Europe/Berlin] SESSIONCONTROLLER::getCurrentPage: actualLink -> /Login/authenticate, url => Login
[06-Jun-2023 18:52:20 Europe/Berlin] LOGIN::CONSTRUCT -> INICIO DE LOGIN
[06-Jun-2023 18:52:20 Europe/Berlin] ExistPOST: Existen parámetros
[06-Jun-2023 18:52:20 Europe/Berlin]  aqui la contra
[06-Jun-2023 18:52:20 Europe/Berlin] Inicio de login   
[06-Jun-2023 18:52:20 Europe/Berlin] ==================================================
[06-Jun-2023 18:52:20 Europe/Berlin] Inicio de aplicacion
[06-Jun-2023 18:52:20 Europe/Berlin] SESSIONCONTROLLER::validateSession()
[06-Jun-2023 18:52:20 Europe/Berlin] SESSIONCONTROLLER::getCurrentPage: actualLink -> /Login?error=a23232sdfsdfhgccccs4443d93434cxxcxcvvbc4, url => Login?error=a23232sdfsdfhgccccs4443d93434cxxcxcvvbc4
[06-Jun-2023 18:52:20 Europe/Berlin] LOGIN::CONSTRUCT -> INICIO DE LOGIN
[06-Jun-2023 18:52:20 Europe/Berlin] LOGIN::render -> Carga el index de login
[06-Jun-2023 18:53:15 Europe/Berlin] ==================================================
[06-Jun-2023 18:53:15 Europe/Berlin] Inicio de aplicacion
[06-Jun-2023 18:53:15 Europe/Berlin] SESSIONCONTROLLER::validateSession()
[06-Jun-2023 18:53:15 Europe/Berlin] SESSIONCONTROLLER::getCurrentPage: actualLink -> /Login/authenticate, url => Login
[06-Jun-2023 18:53:15 Europe/Berlin] LOGIN::CONSTRUCT -> INICIO DE LOGIN
[06-Jun-2023 18:53:15 Europe/Berlin] ExistPOST: Existen parámetros
[06-Jun-2023 18:53:15 Europe/Berlin] cuevaasdasd aqui la contra
[06-Jun-2023 18:53:15 Europe/Berlin] Inicio de login  cuevaasdasd cueva
[06-Jun-2023 18:53:15 Europe/Berlin] LOGINMODEL::LOGIN()->password no es igual
[06-Jun-2023 18:53:15 Europe/Berlin] ==================================================
[06-Jun-2023 18:53:15 Europe/Berlin] Inicio de aplicacion
[06-Jun-2023 18:53:15 Europe/Berlin] SESSIONCONTROLLER::validateSession()
[06-Jun-2023 18:53:15 Europe/Berlin] SESSIONCONTROLLER::getCurrentPage: actualLink -> /Login?error=a23232sdfsdfhgccccs4443d93434cxxcxcvvbc4, url => Login?error=a23232sdfsdfhgccccs4443d93434cxxcxcvvbc4
[06-Jun-2023 18:53:15 Europe/Berlin] LOGIN::CONSTRUCT -> INICIO DE LOGIN
[06-Jun-2023 18:53:15 Europe/Berlin] LOGIN::render -> Carga el index de login
[06-Jun-2023 18:53:19 Europe/Berlin] ==================================================
[06-Jun-2023 18:53:19 Europe/Berlin] Inicio de aplicacion
[06-Jun-2023 18:53:19 Europe/Berlin] SESSIONCONTROLLER::validateSession()
[06-Jun-2023 18:53:19 Europe/Berlin] SESSIONCONTROLLER::getCurrentPage: actualLink -> /Login/authenticate, url => Login
[06-Jun-2023 18:53:19 Europe/Berlin] LOGIN::CONSTRUCT -> INICIO DE LOGIN
[06-Jun-2023 18:53:19 Europe/Berlin] ExistPOST: Existen parámetros
[06-Jun-2023 18:53:19 Europe/Berlin] cueva aqui la contra
[06-Jun-2023 18:53:19 Europe/Berlin] Inicio de login  cueva cuevasdsd
[06-Jun-2023 18:53:19 Europe/Berlin] ==================================================
[06-Jun-2023 18:53:19 Europe/Berlin] Inicio de aplicacion
[06-Jun-2023 18:53:19 Europe/Berlin] SESSIONCONTROLLER::validateSession()
[06-Jun-2023 18:53:19 Europe/Berlin] SESSIONCONTROLLER::getCurrentPage: actualLink -> /Login?error=a23232sdfsdfhgccccs4443d93434cxxcxcvvbc4, url => Login?error=a23232sdfsdfhgccccs4443d93434cxxcxcvvbc4
[06-Jun-2023 18:53:19 Europe/Berlin] LOGIN::CONSTRUCT -> INICIO DE LOGIN
[06-Jun-2023 18:53:19 Europe/Berlin] LOGIN::render -> Carga el index de login
[06-Jun-2023 18:53:23 Europe/Berlin] ==================================================
[06-Jun-2023 18:53:23 Europe/Berlin] Inicio de aplicacion
[06-Jun-2023 18:53:23 Europe/Berlin] SESSIONCONTROLLER::validateSession()
[06-Jun-2023 18:53:23 Europe/Berlin] SESSIONCONTROLLER::getCurrentPage: actualLink -> /Login/authenticate, url => Login
[06-Jun-2023 18:53:23 Europe/Berlin] LOGIN::CONSTRUCT -> INICIO DE LOGIN
[06-Jun-2023 18:53:23 Europe/Berlin] ExistPOST: Existen parámetros
[06-Jun-2023 18:53:23 Europe/Berlin] cueva aqui la contra
[06-Jun-2023 18:53:23 Europe/Berlin] Inicio de login  cueva cuevasdsd
[06-Jun-2023 18:53:23 Europe/Berlin] ==================================================
[06-Jun-2023 18:53:23 Europe/Berlin] Inicio de aplicacion
[06-Jun-2023 18:53:23 Europe/Berlin] SESSIONCONTROLLER::validateSession()
[06-Jun-2023 18:53:23 Europe/Berlin] SESSIONCONTROLLER::getCurrentPage: actualLink -> /Login?error=a23232sdfsdfhgccccs4443d93434cxxcxcvvbc4, url => Login?error=a23232sdfsdfhgccccs4443d93434cxxcxcvvbc4
[06-Jun-2023 18:53:23 Europe/Berlin] LOGIN::CONSTRUCT -> INICIO DE LOGIN
[06-Jun-2023 18:53:23 Europe/Berlin] LOGIN::render -> Carga el index de login
[06-Jun-2023 18:55:04 Europe/Berlin] ==================================================
[06-Jun-2023 18:55:04 Europe/Berlin] Inicio de aplicacion
[06-Jun-2023 18:55:04 Europe/Berlin] APP::CONSTRUCT->No hay un controlador especificado
[06-Jun-2023 18:55:04 Europe/Berlin] POSTMODEL::CONSTRUCT -> incio de PostModel
[06-Jun-2023 18:55:04 Europe/Berlin] PHP Warning:  Undefined array key "user" in C:\laragon\www\NeoGamingV2\classes\session.php on line 20
[06-Jun-2023 18:55:04 Europe/Berlin] PHP Warning:  Trying to access array offset on value of type bool in C:\laragon\www\NeoGamingV2\Model\User.php on line 165
[06-Jun-2023 18:55:04 Europe/Berlin] PHP Warning:  Trying to access array offset on value of type bool in C:\laragon\www\NeoGamingV2\Model\User.php on line 166
[06-Jun-2023 18:55:04 Europe/Berlin] PHP Warning:  Trying to access array offset on value of type bool in C:\laragon\www\NeoGamingV2\Model\User.php on line 167
[06-Jun-2023 18:55:04 Europe/Berlin] PHP Deprecated:  password_hash(): Passing null to parameter #1 ($password) of type string is deprecated in C:\laragon\www\NeoGamingV2\Model\User.php on line 48
[06-Jun-2023 18:55:04 Europe/Berlin] PHP Warning:  Trying to access array offset on value of type bool in C:\laragon\www\NeoGamingV2\Model\User.php on line 168
[06-Jun-2023 18:55:04 Europe/Berlin] PHP Warning:  Trying to access array offset on value of type bool in C:\laragon\www\NeoGamingV2\Model\User.php on line 169
[06-Jun-2023 18:55:04 Europe/Berlin] PHP Warning:  Trying to access array offset on value of type bool in C:\laragon\www\NeoGamingV2\Model\User.php on line 170
[06-Jun-2023 18:55:04 Europe/Berlin] PHP Warning:  Trying to access array offset on value of type bool in C:\laragon\www\NeoGamingV2\Model\User.php on line 171
[06-Jun-2023 18:55:04 Europe/Berlin] PHP Warning:  Trying to access array offset on value of type bool in C:\laragon\www\NeoGamingV2\Model\User.php on line 172
